<?xml version="1.0" encoding="UTF-8"?>
<!-- Generated by org.testng.reporters.JUnitXMLReporter -->
<testsuite ignored="7" hostname="rocky-NUC7i3BNH" failures="0" tests="0" time="0.269" errors="0" timestamp="2023-06-14T11:49:31 GMT-04:00">
  <testcase classname="POMFramework.test.POMValidations" name="TC5_AssertNull" time="0.0">
    <ignored/>
  </testcase> <!-- TC5_AssertNull -->
  <testcase classname="POMFramework.test.POMValidations" name="TC7_SoftAssert" time="0.0">
    <ignored/>
  </testcase> <!-- TC7_SoftAssert -->
  <testcase classname="POMFramework.test.POMValidations" name="TC6_AssertNotNull" time="0.0">
    <ignored/>
  </testcase> <!-- TC6_AssertNotNull -->
  <testcase classname="POMFramework.test.POMValidations" name="TC2_AssertNotEquals" time="0.0">
    <ignored/>
  </testcase> <!-- TC2_AssertNotEquals -->
  <testcase classname="POMFramework.test.POMValidations" name="TC3_AssertTrue" time="0.0">
    <ignored/>
  </testcase> <!-- TC3_AssertTrue -->
  <testcase classname="POMFramework.test.POMValidations" name="TC1_AssertEquals" time="0.0">
    <ignored/>
  </testcase> <!-- TC1_AssertEquals -->
  <testcase classname="POMFramework.test.POMValidations" name="TC4_AssertFalse" time="0.0">
    <ignored/>
  </testcase> <!-- TC4_AssertFalse -->
</testsuite>
